{
  "RSpec": {
    "coverage": {
      "/home/roman/workspace/QnA/app/controllers/answers_controller.rb": [
        1,
        1,
        1,
        1,
        null,
        1,
        1,
        null,
        1,
        null,
        1,
        5,
        5,
        null,
        null,
        1,
        1,
        null,
        null,
        1,
        2,
        2,
        null,
        null,
        1,
        4,
        4,
        null,
        null,
        1,
        1,
        7,
        null,
        null,
        1,
        14,
        14,
        null,
        null,
        1,
        5,
        null,
        null
      ],
      "/home/roman/workspace/QnA/app/controllers/application_controller.rb": [
        1,
        null,
        1,
        1,
        null,
        null,
        null,
        1,
        1,
        null,
        1,
        18,
        null,
        null,
        1,
        null,
        1,
        128,
        null,
        null
      ],
      "/home/roman/workspace/QnA/lib/application_responder.rb": [
        1,
        1,
        1,
        null,
        null,
        null,
        null,
        null
      ],
      "/home/roman/workspace/QnA/app/controllers/concerns/voting.rb": [
        1,
        1,
        null,
        1,
        2,
        2,
        null,
        null,
        1,
        5,
        5,
        null,
        null,
        1,
        5,
        5,
        null,
        null,
        1,
        6,
        6,
        null,
        null,
        1,
        null,
        1,
        16,
        null,
        null,
        1,
        16,
        null,
        null
      ],
      "/home/roman/workspace/QnA/app/controllers/comments_controller.rb": [
        1,
        1,
        1,
        1,
        null,
        1,
        1,
        null,
        1,
        4,
        null,
        null,
        1,
        1,
        5,
        null,
        null,
        1,
        4,
        null,
        null,
        1,
        4,
        null,
        null
      ],
      "/home/roman/workspace/QnA/app/controllers/new_answer_subscriptions_controller.rb": [
        1,
        1,
        1,
        null,
        1,
        1,
        1,
        1,
        null,
        null
      ],
      "/home/roman/workspace/QnA/app/controllers/questions_controller.rb": [
        1,
        1,
        1,
        1,
        1,
        1,
        null,
        1,
        null,
        1,
        null,
        1,
        89,
        null,
        null,
        1,
        4,
        null,
        null,
        1,
        19,
        19,
        null,
        null,
        1,
        7,
        null,
        null,
        1,
        2,
        2,
        null,
        null,
        1,
        4,
        null,
        null,
        1,
        1,
        19,
        null,
        null,
        1,
        9,
        null,
        null,
        1,
        28,
        null,
        null,
        1,
        7,
        null,
        null
      ],
      "/home/roman/workspace/QnA/app/mailers/daily_mailer.rb": [
        1,
        1,
        null,
        null,
        null,
        null,
        null,
        null,
        1,
        2,
        2,
        null,
        null
      ],
      "/home/roman/workspace/QnA/app/models/answer.rb": [
        1,
        1,
        1,
        1,
        null,
        1,
        1,
        1,
        null,
        1,
        null,
        1190,
        null,
        1,
        null,
        null,
        1,
        null,
        1,
        8,
        8,
        8,
        8,
        null,
        null,
        null,
        null,
        1,
        2,
        2,
        null,
        null,
        null,
        1,
        218,
        218,
        2,
        null,
        null,
        null
      ],
      "/home/roman/workspace/QnA/app/models/concerns/votable.rb": [
        1,
        1,
        null,
        1,
        2,
        null,
        null,
        1,
        54,
        null,
        null,
        1,
        22,
        null,
        null,
        1,
        14,
        null,
        null,
        1,
        59,
        51,
        null,
        null,
        1,
        6,
        null,
        null
      ],
      "/home/roman/workspace/QnA/app/models/concerns/commentable.rb": [
        1,
        1,
        null,
        1,
        2,
        null,
        null,
        null
      ],
      "/home/roman/workspace/QnA/app/models/concerns/affects_reputation.rb": [
        1,
        1,
        1,
        null,
        1,
        1,
        1,
        null,
        219,
        6,
        9,
        3,
        null,
        null,
        1,
        1,
        223,
        223,
        223,
        223,
        223,
        null,
        null,
        1,
        10,
        null,
        null,
        1,
        223,
        null,
        null,
        1,
        223,
        null,
        null,
        null,
        1,
        1,
        null,
        1,
        1,
        47,
        47,
        47,
        null,
        1,
        9,
        9,
        9,
        null,
        null,
        null,
        null
      ],
      "/home/roman/workspace/QnA/app/models/attachment.rb": [
        1,
        1,
        null,
        1,
        null
      ],
      "/home/roman/workspace/QnA/app/uploaders/file_uploader.rb": [
        null,
        null,
        1,
        1,
        null,
        1,
        null,
        1,
        58,
        null,
        null
      ],
      "/home/roman/workspace/QnA/app/models/authorization.rb": [
        1,
        1,
        null
      ],
      "/home/roman/workspace/QnA/app/models/comment.rb": [
        1,
        1,
        1,
        null,
        1,
        null
      ],
      "/home/roman/workspace/QnA/app/models/question.rb": [
        1,
        1179,
        null,
        1,
        1,
        1,
        1,
        null,
        null,
        1,
        1,
        null,
        1,
        1,
        null,
        2,
        null,
        null,
        1,
        5,
        null,
        null
      ],
      "/home/roman/workspace/QnA/app/models/reputation.rb": [
        1,
        1,
        1,
        285,
        285,
        285,
        null,
        null,
        null,
        null
      ],
      "/home/roman/workspace/QnA/app/models/vote.rb": [
        1,
        1,
        1,
        null,
        1,
        null
      ],
      "/home/roman/workspace/QnA/app/indices/answers_index.rb": [
        1,
        null,
        1,
        null,
        null,
        1,
        null
      ],
      "/home/roman/workspace/QnA/app/indices/comments_index.rb": [
        1,
        null,
        1,
        null,
        null,
        1,
        null
      ],
      "/home/roman/workspace/QnA/app/indices/questions_index.rb": [
        1,
        null,
        1,
        1,
        null,
        null,
        1,
        null
      ],
      "/home/roman/workspace/QnA/app/indices/users_index.rb": [
        1,
        null,
        1,
        1,
        null,
        null,
        1,
        null
      ],
      "/home/roman/workspace/QnA/app/mailers/subscriptions_mailer.rb": [
        1,
        1,
        null,
        null,
        null,
        null,
        null,
        null,
        null,
        1,
        220,
        220,
        null,
        null
      ],
      "/home/roman/workspace/QnA/app/controllers/api/v1/answers_controller.rb": [
        1,
        1,
        8,
        8,
        null,
        null,
        1,
        14,
        null,
        null,
        1,
        3,
        3,
        null,
        null,
        null,
        1,
        1,
        3,
        null,
        null
      ],
      "/home/roman/workspace/QnA/app/controllers/api/v1/base_controller.rb": [
        1,
        1,
        1,
        null,
        1,
        1,
        20,
        null,
        null
      ],
      "/home/roman/workspace/QnA/app/serializers/answer_serializer.rb": [
        1,
        1,
        null
      ],
      "/home/roman/workspace/QnA/app/serializers/show_answer_serializer.rb": [
        1,
        1,
        1,
        1,
        null
      ],
      "/home/roman/workspace/QnA/app/serializers/attachment_serializer.rb": [
        1,
        1,
        null,
        1,
        29,
        null,
        null
      ],
      "/home/roman/workspace/QnA/app/controllers/api/v1/profiles_controller.rb": [
        1,
        1,
        10,
        null,
        null,
        1,
        5,
        null,
        null
      ],
      "/home/roman/workspace/QnA/app/controllers/api/v1/questions_controller.rb": [
        1,
        1,
        15,
        null,
        null,
        1,
        15,
        15,
        null,
        null,
        1,
        2,
        null,
        null,
        null,
        1,
        1,
        2,
        null,
        null
      ],
      "/home/roman/workspace/QnA/app/serializers/question_serializer.rb": [
        1,
        1,
        1,
        null,
        1,
        30,
        null,
        null
      ],
      "/home/roman/workspace/QnA/app/serializers/show_question_serializer.rb": [
        1,
        1,
        1,
        1,
        null
      ],
      "/home/roman/workspace/QnA/app/models/ability.rb": [
        1,
        1,
        null,
        1,
        null,
        null,
        189,
        100,
        1,
        null,
        99,
        99,
        99,
        99,
        null,
        99,
        15,
        null,
        null,
        99,
        99,
        29,
        null,
        99,
        16,
        null,
        null,
        99,
        99,
        8,
        null,
        null,
        null,
        89,
        null,
        null,
        null,
        null,
        null,
        null,
        null,
        null,
        null,
        null,
        null,
        null,
        null,
        null,
        null,
        null,
        null,
        null,
        null,
        null,
        null
      ],
      "/home/roman/workspace/QnA/app/controllers/omniauth_callbacks_controller.rb": [
        1,
        1,
        null,
        1,
        null,
        null,
        1,
        null,
        null,
        1,
        1,
        6,
        6,
        6,
        2,
        1,
        null,
        4,
        4,
        4,
        null,
        null,
        null
      ],
      "/home/roman/workspace/QnA/app/controllers/users_controller.rb": [
        1,
        1,
        4,
        null,
        null,
        1,
        4,
        4,
        2,
        2,
        null,
        2,
        null,
        null,
        null,
        1,
        1,
        0,
        null,
        null
      ],
      "/home/roman/workspace/QnA/app/controllers/search_controller.rb": [
        1,
        1,
        1,
        null,
        1,
        4,
        4,
        null,
        null,
        1,
        1,
        12,
        null,
        null
      ],
      "/home/roman/workspace/QnA/app/models/finder.rb": [
        1,
        1,
        null,
        1,
        4,
        4,
        0,
        0,
        null,
        null,
        4,
        null,
        4,
        null,
        null,
        1,
        1,
        4,
        null,
        null
      ]
    },
    "timestamp": 1433160660
  }
}
